<?xml version="1.0" encoding="UTF-8"?>
<!-- Generated by org.testng.reporters.JUnitXMLReporter -->
<testsuite hostname="DESKTOP-TLNVACJ" ignored="0" name="mobiles details-operaTest" tests="9" failures="0" timestamp="02 Nov 2020 10:01:28 GMT" time="27.122" errors="0">
  <testcase name="testCaseReadExl" time="0.026" classname="testScenarios.EbayMobilesAutomation"/>
  <testcase name="tcElectronicsCategory" time="3.43" classname="testScenarios.EbayMobilesAutomation"/>
  <testcase name="tcPhoneAccessoriesCategory" time="2.198" classname="testScenarios.EbayMobilesAutomation"/>
  <testcase name="tcMobilesCategory" time="2.067" classname="testScenarios.EbayMobilesAutomation"/>
  <testcase name="minPriceSet" time="0.173" classname="testScenarios.EbayMobilesAutomation"/>
  <testcase name="maxPriceSet" time="1.767" classname="testScenarios.EbayMobilesAutomation"/>
  <testcase name="sortByTime" time="1.679" classname="testScenarios.EbayMobilesAutomation"/>
  <testcase name="toExcelWrite" time="0.937" classname="testScenarios.EbayMobilesAutomation"/>
  <testcase name="screenShot" time="0.572" classname="testScenarios.EbayMobilesAutomation"/>
</testsuite> <!-- mobiles details-operaTest -->
