<?xml version="1.0" encoding="UTF-8"?>
<!-- Generated by org.testng.reporters.JUnitXMLReporter -->
<testsuite hostname="DESKTOP-TLNVACJ" ignored="0" name="mobiles details-chromeTest" tests="9" failures="0" timestamp="02 Nov 2020 10:01:01 GMT" time="29.253" errors="0">
  <testcase name="testCaseReadExl" time="0.453" classname="testScenarios.EbayMobilesAutomation"/>
  <testcase name="tcElectronicsCategory" time="7.248" classname="testScenarios.EbayMobilesAutomation"/>
  <testcase name="tcPhoneAccessoriesCategory" time="1.953" classname="testScenarios.EbayMobilesAutomation"/>
  <testcase name="tcMobilesCategory" time="2.211" classname="testScenarios.EbayMobilesAutomation"/>
  <testcase name="minPriceSet" time="0.199" classname="testScenarios.EbayMobilesAutomation"/>
  <testcase name="maxPriceSet" time="2.236" classname="testScenarios.EbayMobilesAutomation"/>
  <testcase name="sortByTime" time="1.836" classname="testScenarios.EbayMobilesAutomation"/>
  <testcase name="toExcelWrite" time="0.943" classname="testScenarios.EbayMobilesAutomation"/>
  <testcase name="screenShot" time="0.68" classname="testScenarios.EbayMobilesAutomation"/>
</testsuite> <!-- mobiles details-chromeTest -->
